# JRE version: OpenJDK Runtime Environment Temurin-21.0.9+10 (21.0.9+10) (build 21.0.9+10-LTS)
# Java VM: OpenJDK 64-Bit Server VM Temurin-21.0.9+10 (21.0.9+10-LTS, mixed mode, sharing, tiered, compressed oops, compressed class ptrs, parallel gc, windows-amd64)
GC Precious Log:
 CardTable entry size: 512
 CPUs: 8 total, 8 available
 Memory: 7937M
 Large Page Support: Disabled
 NUMA Support: Disabled
 Compressed Oops: Enabled (32-bit)
 Alignments: Space 512K, Generation 512K, Heap 2M
 Heap Min Capacity: 100M
 Heap Initial Capacity: 100M
 Heap Max Capacity: 2G
 Pre-touch: Disabled
 Parallel Workers: 8
Heap:
 PSYoungGen      total 2048K, used 1525K [0x00000000d5580000, 0x00000000d5980000, 0x0000000100000000)
  eden space 1536K, 82% used [0x00000000d5580000,0x00000000d56bd440,0x00000000d5700000)
  from space 512K, 50% used [0x00000000d5900000,0x00000000d5940000,0x00000000d5980000)
  to   space 512K, 0% used [0x00000000d5880000,0x00000000d5880000,0x00000000d5900000)
 ParOldGen       total 439296K, used 260747K [0x0000000080000000, 0x000000009ad00000, 0x00000000d5580000)
  object space 439296K, 59% used [0x0000000080000000,0x000000008fea2e48,0x000000009ad00000)
 Metaspace       used 80395K, committed 82176K, reserved 1179648K
  class space    used 8457K, committed 9216K, reserved 1048576K
GC Heap History (20 events):
Event: 126.835 GC heap before
{Heap before GC invocations=895 (full 4):
 PSYoungGen      total 1536K, used 1457K [0x00000000d5580000, 0x00000000d5800000, 0x0000000100000000)
  eden space 1024K, 100% used [0x00000000d5580000,0x00000000d5680000,0x00000000d5680000)
  from space 512K, 84% used [0x00000000d5780000,0x00000000d57ec6d8,0x00000000d5800000)
  to   space 512K, 0% used [0x00000000d5700000,0x00000000d5700000,0x00000000d5780000)
 ParOldGen       total 439296K, used 254030K [0x0000000080000000, 0x000000009ad00000, 0x00000000d5580000)
  object space 439296K, 57% used [0x0000000080000000,0x000000008f8139c0,0x000000009ad00000)
 Metaspace       used 80041K, committed 81856K, reserved 1179648K
  class space    used 8421K, committed 9216K, reserved 1048576K
}
Event: 126.836 GC heap after
{Heap after GC invocations=895 (full 4):
 PSYoungGen      total 2048K, used 507K [0x00000000d5580000, 0x00000000d5900000, 0x0000000100000000)
  eden space 1536K, 0% used [0x00000000d5580000,0x00000000d5580000,0x00000000d5700000)
  from space 512K, 99% used [0x00000000d5700000,0x00000000d577eda8,0x00000000d5780000)
  to   space 1024K, 0% used [0x00000000d5800000,0x00000000d5800000,0x00000000d5900000)
 ParOldGen       total 439296K, used 254413K [0x0000000080000000, 0x000000009ad00000, 0x00000000d5580000)
  object space 439296K, 57% used [0x0000000080000000,0x000000008f873520,0x000000009ad00000)
 Metaspace       used 80041K, committed 81856K, reserved 1179648K
  class space    used 8421K, committed 9216K, reserved 1048576K
}
Event: 126.842 GC heap before
{Heap before GC invocations=896 (full 4):
 PSYoungGen      total 2048K, used 2043K [0x00000000d5580000, 0x00000000d5900000, 0x0000000100000000)
  eden space 1536K, 100% used [0x00000000d5580000,0x00000000d5700000,0x00000000d5700000)
  from space 512K, 99% used [0x00000000d5700000,0x00000000d577eda8,0x00000000d5780000)
  to   space 1024K, 0% used [0x00000000d5800000,0x00000000d5800000,0x00000000d5900000)
 ParOldGen       total 439296K, used 254413K [0x0000000080000000, 0x000000009ad00000, 0x00000000d5580000)
  object space 439296K, 57% used [0x0000000080000000,0x000000008f873520,0x000000009ad00000)
 Metaspace       used 80060K, committed 81920K, reserved 1179648K
  class space    used 8424K, committed 9216K, reserved 1048576K
}
Event: 126.843 GC heap after
{Heap after GC invocations=896 (full 4):
 PSYoungGen      total 2560K, used 975K [0x00000000d5580000, 0x00000000d5980000, 0x0000000100000000)
  eden space 1536K, 0% used [0x00000000d5580000,0x00000000d5580000,0x00000000d5700000)
  from space 1024K, 95% used [0x00000000d5800000,0x00000000d58f3fa8,0x00000000d5900000)
  to   space 1024K, 0% used [0x00000000d5700000,0x00000000d5700000,0x00000000d5800000)
 ParOldGen       total 439296K, used 254875K [0x0000000080000000, 0x000000009ad00000, 0x00000000d5580000)
  object space 439296K, 58% used [0x0000000080000000,0x000000008f8e6f60,0x000000009ad00000)
 Metaspace       used 80060K, committed 81920K, reserved 1179648K
  class space    used 8424K, committed 9216K, reserved 1048576K
}
Event: 126.851 GC heap before
{Heap before GC invocations=897 (full 4):
 PSYoungGen      total 2560K, used 2498K [0x00000000d5580000, 0x00000000d5980000, 0x0000000100000000)
  eden space 1536K, 99% used [0x00000000d5580000,0x00000000d56fcad8,0x00000000d5700000)
  from space 1024K, 95% used [0x00000000d5800000,0x00000000d58f3fa8,0x00000000d5900000)
  to   space 1024K, 0% used [0x00000000d5700000,0x00000000d5700000,0x00000000d5800000)
 ParOldGen       total 439296K, used 254875K [0x0000000080000000, 0x000000009ad00000, 0x00000000d5580000)
  object space 439296K, 58% used [0x0000000080000000,0x000000008f8e6f60,0x000000009ad00000)
 Metaspace       used 80060K, committed 81920K, reserved 1179648K
  class space    used 8424K, committed 9216K, reserved 1048576K
}
Event: 126.852 GC heap after
{Heap after GC invocations=897 (full 4):
 PSYoungGen      total 2560K, used 1011K [0x00000000d5580000, 0x00000000d5c00000, 0x0000000100000000)
  eden space 1536K, 0% used [0x00000000d5580000,0x00000000d5580000,0x00000000d5700000)
  from space 1024K, 98% used [0x00000000d5700000,0x00000000d57fcf20,0x00000000d5800000)
  to   space 2560K, 0% used [0x00000000d5980000,0x00000000d5980000,0x00000000d5c00000)
 ParOldGen       total 439296K, used 255966K [0x0000000080000000, 0x000000009ad00000, 0x00000000d5580000)
  object space 439296K, 58% used [0x0000000080000000,0x000000008f9f7a20,0x000000009ad00000)
 Metaspace       used 80060K, committed 81920K, reserved 1179648K
  class space    used 8424K, committed 9216K, reserved 1048576K
}
Event: 126.860 GC heap before
{Heap before GC invocations=898 (full 4):
 PSYoungGen      total 2560K, used 2547K [0x00000000d5580000, 0x00000000d5c00000, 0x0000000100000000)
  eden space 1536K, 100% used [0x00000000d5580000,0x00000000d5700000,0x00000000d5700000)
  from space 1024K, 98% used [0x00000000d5700000,0x00000000d57fcf20,0x00000000d5800000)
  to   space 2560K, 0% used [0x00000000d5980000,0x00000000d5980000,0x00000000d5c00000)
 ParOldGen       total 439296K, used 255966K [0x0000000080000000, 0x000000009ad00000, 0x00000000d5580000)
  object space 439296K, 58% used [0x0000000080000000,0x000000008f9f7a20,0x000000009ad00000)
 Metaspace       used 80060K, committed 81920K, reserved 1179648K
  class space    used 8424K, committed 9216K, reserved 1048576K
}
Event: 126.861 GC heap after
{Heap after GC invocations=898 (full 4):
 PSYoungGen      total 3072K, used 1220K [0x00000000d5580000, 0x00000000d5b00000, 0x0000000100000000)
  eden space 1536K, 0% used [0x00000000d5580000,0x00000000d5580000,0x00000000d5700000)
  from space 1536K, 79% used [0x00000000d5980000,0x00000000d5ab1210,0x00000000d5b00000)
  to   space 1536K, 0% used [0x00000000d5800000,0x00000000d5800000,0x00000000d5980000)
 ParOldGen       total 439296K, used 256961K [0x0000000080000000, 0x000000009ad00000, 0x00000000d5580000)
  object space 439296K, 58% used [0x0000000080000000,0x000000008faf0620,0x000000009ad00000)
 Metaspace       used 80060K, committed 81920K, reserved 1179648K
  class space    used 8424K, committed 9216K, reserved 1048576K
}
Event: 126.866 GC heap before
{Heap before GC invocations=899 (full 4):
 PSYoungGen      total 3072K, used 2756K [0x00000000d5580000, 0x00000000d5b00000, 0x0000000100000000)
  eden space 1536K, 100% used [0x00000000d5580000,0x00000000d5700000,0x00000000d5700000)
  from space 1536K, 79% used [0x00000000d5980000,0x00000000d5ab1210,0x00000000d5b00000)
  to   space 1536K, 0% used [0x00000000d5800000,0x00000000d5800000,0x00000000d5980000)
 ParOldGen       total 439296K, used 256961K [0x0000000080000000, 0x000000009ad00000, 0x00000000d5580000)
  object space 439296K, 58% used [0x0000000080000000,0x000000008faf0620,0x000000009ad00000)
 Metaspace       used 80060K, committed 81920K, reserved 1179648K
  class space    used 8424K, committed 9216K, reserved 1048576K
}
Event: 126.868 GC heap after
{Heap after GC invocations=899 (full 4):
 PSYoungGen      total 3072K, used 1351K [0x00000000d5580000, 0x00000000d5a00000, 0x0000000100000000)
  eden space 1536K, 0% used [0x00000000d5580000,0x00000000d5580000,0x00000000d5700000)
  from space 1536K, 87% used [0x00000000d5800000,0x00000000d5951e30,0x00000000d5980000)
  to   space 512K, 0% used [0x00000000d5980000,0x00000000d5980000,0x00000000d5a00000)
 ParOldGen       total 439296K, used 258114K [0x0000000080000000, 0x000000009ad00000, 0x00000000d5580000)
  object space 439296K, 58% used [0x0000000080000000,0x000000008fc108c8,0x000000009ad00000)
 Metaspace       used 80060K, committed 81920K, reserved 1179648K
  class space    used 8424K, committed 9216K, reserved 1048576K
}
Event: 126.878 GC heap before
{Heap before GC invocations=900 (full 4):
 PSYoungGen      total 3072K, used 2887K [0x00000000d5580000, 0x00000000d5a00000, 0x0000000100000000)
  eden space 1536K, 100% used [0x00000000d5580000,0x00000000d5700000,0x00000000d5700000)
  from space 1536K, 87% used [0x00000000d5800000,0x00000000d5951e30,0x00000000d5980000)
  to   space 512K, 0% used [0x00000000d5980000,0x00000000d5980000,0x00000000d5a00000)
 ParOldGen       total 439296K, used 258114K [0x0000000080000000, 0x000000009ad00000, 0x00000000d5580000)
  object space 439296K, 58% used [0x0000000080000000,0x000000008fc108c8,0x000000009ad00000)
 Metaspace       used 80063K, committed 81920K, reserved 1179648K
  class space    used 8424K, committed 9216K, reserved 1048576K
}
Event: 126.880 GC heap after
{Heap after GC invocations=900 (full 4):
 PSYoungGen      total 2048K, used 512K [0x00000000d5580000, 0x00000000d5b00000, 0x0000000100000000)
  eden space 1536K, 0% used [0x00000000d5580000,0x00000000d5580000,0x00000000d5700000)
  from space 512K, 100% used [0x00000000d5980000,0x00000000d5a00000,0x00000000d5a00000)
  to   space 2048K, 0% used [0x00000000d5700000,0x00000000d5700000,0x00000000d5900000)
 ParOldGen       total 439296K, used 259497K [0x0000000080000000, 0x000000009ad00000, 0x00000000d5580000)
  object space 439296K, 59% used [0x0000000080000000,0x000000008fd6a650,0x000000009ad00000)
 Metaspace       used 80063K, committed 81920K, reserved 1179648K
  class space    used 8424K, committed 9216K, reserved 1048576K
}
Event: 126.887 GC heap before
{Heap before GC invocations=901 (full 4):
 PSYoungGen      total 2048K, used 2048K [0x00000000d5580000, 0x00000000d5b00000, 0x0000000100000000)
  eden space 1536K, 100% used [0x00000000d5580000,0x00000000d5700000,0x00000000d5700000)
  from space 512K, 100% used [0x00000000d5980000,0x00000000d5a00000,0x00000000d5a00000)
  to   space 2048K, 0% used [0x00000000d5700000,0x00000000d5700000,0x00000000d5900000)
 ParOldGen       total 439296K, used 259497K [0x0000000080000000, 0x000000009ad00000, 0x00000000d5580000)
  object space 439296K, 59% used [0x0000000080000000,0x000000008fd6a650,0x000000009ad00000)
 Metaspace       used 80067K, committed 81920K, reserved 1179648K
  class space    used 8424K, committed 9216K, reserved 1048576K
}
Event: 126.888 GC heap after
{Heap after GC invocations=901 (full 4):
 PSYoungGen      total 3584K, used 480K [0x00000000d5580000, 0x00000000d5a00000, 0x0000000100000000)
  eden space 1536K, 0% used [0x00000000d5580000,0x00000000d5580000,0x00000000d5700000)
  from space 2048K, 23% used [0x00000000d5700000,0x00000000d5778000,0x00000000d5900000)
  to   space 1024K, 0% used [0x00000000d5900000,0x00000000d5900000,0x00000000d5a00000)
 ParOldGen       total 439296K, used 260032K [0x0000000080000000, 0x000000009ad00000, 0x00000000d5580000)
  object space 439296K, 59% used [0x0000000080000000,0x000000008fdf03c0,0x000000009ad00000)
 Metaspace       used 80067K, committed 81920K, reserved 1179648K
  class space    used 8424K, committed 9216K, reserved 1048576K
}
Event: 332.442 GC heap before
{Heap before GC invocations=902 (full 4):
 PSYoungGen      total 3584K, used 2013K [0x00000000d5580000, 0x00000000d5a00000, 0x0000000100000000)
  eden space 1536K, 99% used [0x00000000d5580000,0x00000000d56ff570,0x00000000d5700000)
  from space 2048K, 23% used [0x00000000d5700000,0x00000000d5778000,0x00000000d5900000)
  to   space 1024K, 0% used [0x00000000d5900000,0x00000000d5900000,0x00000000d5a00000)
 ParOldGen       total 439296K, used 260032K [0x0000000080000000, 0x000000009ad00000, 0x00000000d5580000)
  object space 439296K, 59% used [0x0000000080000000,0x000000008fdf03c0,0x000000009ad00000)
 Metaspace       used 80127K, committed 81984K, reserved 1179648K
  class space    used 8427K, committed 9216K, reserved 1048576K
}
Event: 332.463 GC heap after
{Heap after GC invocations=902 (full 4):
 PSYoungGen      total 2048K, used 432K [0x00000000d5580000, 0x00000000d5980000, 0x0000000100000000)
  eden space 1536K, 0% used [0x00000000d5580000,0x00000000d5580000,0x00000000d5700000)
  from space 512K, 84% used [0x00000000d5900000,0x00000000d596c018,0x00000000d5980000)
  to   space 1024K, 0% used [0x00000000d5780000,0x00000000d5780000,0x00000000d5880000)
 ParOldGen       total 439296K, used 260372K [0x0000000080000000, 0x000000009ad00000, 0x00000000d5580000)
  object space 439296K, 59% used [0x0000000080000000,0x000000008fe453d0,0x000000009ad00000)
 Metaspace       used 80127K, committed 81984K, reserved 1179648K
  class space    used 8427K, committed 9216K, reserved 1048576K
}
Event: 332.686 GC heap before
{Heap before GC invocations=903 (full 4):
 PSYoungGen      total 2048K, used 1963K [0x00000000d5580000, 0x00000000d5980000, 0x0000000100000000)
  eden space 1536K, 99% used [0x00000000d5580000,0x00000000d56fecc0,0x00000000d5700000)
  from space 512K, 84% used [0x00000000d5900000,0x00000000d596c018,0x00000000d5980000)
  to   space 1024K, 0% used [0x00000000d5780000,0x00000000d5780000,0x00000000d5880000)
 ParOldGen       total 439296K, used 260372K [0x0000000080000000, 0x000000009ad00000, 0x00000000d5580000)
  object space 439296K, 59% used [0x0000000080000000,0x000000008fe453d0,0x000000009ad00000)
 Metaspace       used 80274K, committed 82048K, reserved 1179648K
  class space    used 8444K, committed 9216K, reserved 1048576K
}
Event: 332.689 GC heap after
{Heap after GC invocations=903 (full 4):
 PSYoungGen      total 2560K, used 224K [0x00000000d5580000, 0x00000000d5980000, 0x0000000100000000)
  eden space 1536K, 0% used [0x00000000d5580000,0x00000000d5580000,0x00000000d5700000)
  from space 1024K, 21% used [0x00000000d5780000,0x00000000d57b8000,0x00000000d5880000)
  to   space 512K, 0% used [0x00000000d5900000,0x00000000d5900000,0x00000000d5980000)
 ParOldGen       total 439296K, used 260699K [0x0000000080000000, 0x000000009ad00000, 0x00000000d5580000)
  object space 439296K, 59% used [0x0000000080000000,0x000000008fe96e48,0x000000009ad00000)
 Metaspace       used 80274K, committed 82048K, reserved 1179648K
  class space    used 8444K, committed 9216K, reserved 1048576K
}
Event: 332.805 GC heap before
{Heap before GC invocations=904 (full 4):
 PSYoungGen      total 2560K, used 1760K [0x00000000d5580000, 0x00000000d5980000, 0x0000000100000000)
  eden space 1536K, 100% used [0x00000000d5580000,0x00000000d5700000,0x00000000d5700000)
  from space 1024K, 21% used [0x00000000d5780000,0x00000000d57b8000,0x00000000d5880000)
  to   space 512K, 0% used [0x00000000d5900000,0x00000000d5900000,0x00000000d5980000)
 ParOldGen       total 439296K, used 260699K [0x0000000080000000, 0x000000009ad00000, 0x00000000d5580000)
  object space 439296K, 59% used [0x0000000080000000,0x000000008fe96e48,0x000000009ad00000)
 Metaspace       used 80346K, committed 82112K, reserved 1179648K
  class space    used 8452K, committed 9216K, reserved 1048576K
}
Event: 332.806 GC heap after
{Heap after GC invocations=904 (full 4):
 PSYoungGen      total 2048K, used 256K [0x00000000d5580000, 0x00000000d5980000, 0x0000000100000000)
  eden space 1536K, 0% used [0x00000000d5580000,0x00000000d5580000,0x00000000d5700000)
  from space 512K, 50% used [0x00000000d5900000,0x00000000d5940000,0x00000000d5980000)
  to   space 512K, 0% used [0x00000000d5880000,0x00000000d5880000,0x00000000d5900000)
 ParOldGen       total 439296K, used 260747K [0x0000000080000000, 0x000000009ad00000, 0x00000000d5580000)
  object space 439296K, 59% used [0x0000000080000000,0x000000008fea2e48,0x000000009ad00000)
 Metaspace       used 80346K, committed 82112K, reserved 1179648K
  class space    used 8452K, committed 9216K, reserved 1048576K
}

