# JRE version: OpenJDK Runtime Environment Temurin-21.0.9+10 (21.0.9+10) (build 21.0.9+10-LTS)
# Java VM: OpenJDK 64-Bit Server VM Temurin-21.0.9+10 (21.0.9+10-LTS, mixed mode, sharing, tiered, compressed oops, compressed class ptrs, parallel gc, windows-amd64)
GC Precious Log:
 CardTable entry size: 512
 CPUs: 8 total, 8 available
 Memory: 7937M
 Large Page Support: Disabled
 NUMA Support: Disabled
 Compressed Oops: Enabled (32-bit)
 Alignments: Space 512K, Generation 512K, Heap 2M
 Heap Min Capacity: 100M
 Heap Initial Capacity: 100M
 Heap Max Capacity: 2G
 Pre-touch: Disabled
 Parallel Workers: 8
Heap:
 PSYoungGen      total 6144K, used 2665K [0x00000000d5580000, 0x00000000d5c80000, 0x0000000100000000)
  eden space 5120K, 40% used [0x00000000d5580000,0x00000000d578a450,0x00000000d5a80000)
  from space 1024K, 56% used [0x00000000d5b80000,0x00000000d5c10000,0x00000000d5c80000)
  to   space 1024K, 0% used [0x00000000d5a80000,0x00000000d5a80000,0x00000000d5b80000)
 ParOldGen       total 436736K, used 436616K [0x0000000080000000, 0x000000009aa80000, 0x00000000d5580000)
  object space 436736K, 99% used [0x0000000080000000,0x000000009aa62398,0x000000009aa80000)
 Metaspace       used 54878K, committed 56256K, reserved 1114112K
  class space    used 5874K, committed 6464K, reserved 1048576K
GC Heap History (20 events):
Event: 41.650 GC heap before
{Heap before GC invocations=443 (full 2):
 PSYoungGen      total 6144K, used 5728K [0x00000000d5580000, 0x00000000d5c80000, 0x0000000100000000)
  eden space 5120K, 100% used [0x00000000d5580000,0x00000000d5a80000,0x00000000d5a80000)
  from space 1024K, 59% used [0x00000000d5b80000,0x00000000d5c18000,0x00000000d5c80000)
  to   space 1024K, 0% used [0x00000000d5a80000,0x00000000d5a80000,0x00000000d5b80000)
 ParOldGen       total 430592K, used 430190K [0x0000000080000000, 0x000000009a480000, 0x00000000d5580000)
  object space 430592K, 99% used [0x0000000080000000,0x000000009a41b9b0,0x000000009a480000)
 Metaspace       used 54878K, committed 56256K, reserved 1114112K
  class space    used 5874K, committed 6464K, reserved 1048576K
}
Event: 41.653 GC heap after
{Heap after GC invocations=443 (full 2):
 PSYoungGen      total 6144K, used 1011K [0x00000000d5580000, 0x00000000d5f80000, 0x0000000100000000)
  eden space 5120K, 0% used [0x00000000d5580000,0x00000000d5580000,0x00000000d5a80000)
  from space 1024K, 98% used [0x00000000d5a80000,0x00000000d5b7cd40,0x00000000d5b80000)
  to   space 2560K, 0% used [0x00000000d5d00000,0x00000000d5d00000,0x00000000d5f80000)
 ParOldGen       total 431616K, used 431136K [0x0000000080000000, 0x000000009a580000, 0x00000000d5580000)
  object space 431616K, 99% used [0x0000000080000000,0x000000009a508358,0x000000009a580000)
 Metaspace       used 54878K, committed 56256K, reserved 1114112K
  class space    used 5874K, committed 6464K, reserved 1048576K
}
Event: 41.793 GC heap before
{Heap before GC invocations=444 (full 2):
 PSYoungGen      total 6144K, used 6131K [0x00000000d5580000, 0x00000000d5f80000, 0x0000000100000000)
  eden space 5120K, 100% used [0x00000000d5580000,0x00000000d5a80000,0x00000000d5a80000)
  from space 1024K, 98% used [0x00000000d5a80000,0x00000000d5b7cd40,0x00000000d5b80000)
  to   space 2560K, 0% used [0x00000000d5d00000,0x00000000d5d00000,0x00000000d5f80000)
 ParOldGen       total 431616K, used 431136K [0x0000000080000000, 0x000000009a580000, 0x00000000d5580000)
  object space 431616K, 99% used [0x0000000080000000,0x000000009a508358,0x000000009a580000)
 Metaspace       used 54878K, committed 56256K, reserved 1114112K
  class space    used 5874K, committed 6464K, reserved 1048576K
}
Event: 41.797 GC heap after
{Heap after GC invocations=444 (full 2):
 PSYoungGen      total 6144K, used 606K [0x00000000d5580000, 0x00000000d5e00000, 0x0000000100000000)
  eden space 5120K, 0% used [0x00000000d5580000,0x00000000d5580000,0x00000000d5a80000)
  from space 1024K, 59% used [0x00000000d5d00000,0x00000000d5d97a48,0x00000000d5e00000)
  to   space 1536K, 0% used [0x00000000d5b00000,0x00000000d5b00000,0x00000000d5c80000)
 ParOldGen       total 431616K, used 431232K [0x0000000080000000, 0x000000009a580000, 0x00000000d5580000)
  object space 431616K, 99% used [0x0000000080000000,0x000000009a520358,0x000000009a580000)
 Metaspace       used 54878K, committed 56256K, reserved 1114112K
  class space    used 5874K, committed 6464K, reserved 1048576K
}
Event: 41.848 GC heap before
{Heap before GC invocations=445 (full 2):
 PSYoungGen      total 6144K, used 5726K [0x00000000d5580000, 0x00000000d5e00000, 0x0000000100000000)
  eden space 5120K, 100% used [0x00000000d5580000,0x00000000d5a80000,0x00000000d5a80000)
  from space 1024K, 59% used [0x00000000d5d00000,0x00000000d5d97a48,0x00000000d5e00000)
  to   space 1536K, 0% used [0x00000000d5b00000,0x00000000d5b00000,0x00000000d5c80000)
 ParOldGen       total 431616K, used 431232K [0x0000000080000000, 0x000000009a580000, 0x00000000d5580000)
  object space 431616K, 99% used [0x0000000080000000,0x000000009a520358,0x000000009a580000)
 Metaspace       used 54878K, committed 56256K, reserved 1114112K
  class space    used 5874K, committed 6464K, reserved 1048576K
}
Event: 41.852 GC heap after
{Heap after GC invocations=445 (full 2):
 PSYoungGen      total 6656K, used 736K [0x00000000d5580000, 0x00000000d5d80000, 0x0000000100000000)
  eden space 5120K, 0% used [0x00000000d5580000,0x00000000d5580000,0x00000000d5a80000)
  from space 1536K, 47% used [0x00000000d5b00000,0x00000000d5bb8000,0x00000000d5c80000)
  to   space 1024K, 0% used [0x00000000d5c80000,0x00000000d5c80000,0x00000000d5d80000)
 ParOldGen       total 432128K, used 431704K [0x0000000080000000, 0x000000009a600000, 0x00000000d5580000)
  object space 432128K, 99% used [0x0000000080000000,0x000000009a5962f0,0x000000009a600000)
 Metaspace       used 54878K, committed 56256K, reserved 1114112K
  class space    used 5874K, committed 6464K, reserved 1048576K
}
Event: 41.890 GC heap before
{Heap before GC invocations=446 (full 2):
 PSYoungGen      total 6656K, used 5856K [0x00000000d5580000, 0x00000000d5d80000, 0x0000000100000000)
  eden space 5120K, 100% used [0x00000000d5580000,0x00000000d5a80000,0x00000000d5a80000)
  from space 1536K, 47% used [0x00000000d5b00000,0x00000000d5bb8000,0x00000000d5c80000)
  to   space 1024K, 0% used [0x00000000d5c80000,0x00000000d5c80000,0x00000000d5d80000)
 ParOldGen       total 432128K, used 431704K [0x0000000080000000, 0x000000009a600000, 0x00000000d5580000)
  object space 432128K, 99% used [0x0000000080000000,0x000000009a5962f0,0x000000009a600000)
 Metaspace       used 54878K, committed 56256K, reserved 1114112K
  class space    used 5874K, committed 6464K, reserved 1048576K
}
Event: 41.893 GC heap after
{Heap after GC invocations=446 (full 2):
 PSYoungGen      total 6144K, used 630K [0x00000000d5580000, 0x00000000d5d80000, 0x0000000100000000)
  eden space 5120K, 0% used [0x00000000d5580000,0x00000000d5580000,0x00000000d5a80000)
  from space 1024K, 61% used [0x00000000d5c80000,0x00000000d5d1d808,0x00000000d5d80000)
  to   space 1024K, 0% used [0x00000000d5b80000,0x00000000d5b80000,0x00000000d5c80000)
 ParOldGen       total 432640K, used 432248K [0x0000000080000000, 0x000000009a680000, 0x00000000d5580000)
  object space 432640K, 99% used [0x0000000080000000,0x000000009a61e2f0,0x000000009a680000)
 Metaspace       used 54878K, committed 56256K, reserved 1114112K
  class space    used 5874K, committed 6464K, reserved 1048576K
}
Event: 41.970 GC heap before
{Heap before GC invocations=447 (full 2):
 PSYoungGen      total 6144K, used 5750K [0x00000000d5580000, 0x00000000d5d80000, 0x0000000100000000)
  eden space 5120K, 100% used [0x00000000d5580000,0x00000000d5a80000,0x00000000d5a80000)
  from space 1024K, 61% used [0x00000000d5c80000,0x00000000d5d1d808,0x00000000d5d80000)
  to   space 1024K, 0% used [0x00000000d5b80000,0x00000000d5b80000,0x00000000d5c80000)
 ParOldGen       total 432640K, used 432248K [0x0000000080000000, 0x000000009a680000, 0x00000000d5580000)
  object space 432640K, 99% used [0x0000000080000000,0x000000009a61e2f0,0x000000009a680000)
 Metaspace       used 54878K, committed 56256K, reserved 1114112K
  class space    used 5874K, committed 6464K, reserved 1048576K
}
Event: 41.974 GC heap after
{Heap after GC invocations=447 (full 2):
 PSYoungGen      total 6144K, used 662K [0x00000000d5580000, 0x00000000d5d00000, 0x0000000100000000)
  eden space 5120K, 0% used [0x00000000d5580000,0x00000000d5580000,0x00000000d5a80000)
  from space 1024K, 64% used [0x00000000d5b80000,0x00000000d5c25ac8,0x00000000d5c80000)
  to   space 512K, 0% used [0x00000000d5c80000,0x00000000d5c80000,0x00000000d5d00000)
 ParOldGen       total 433152K, used 432782K [0x0000000080000000, 0x000000009a700000, 0x00000000d5580000)
  object space 433152K, 99% used [0x0000000080000000,0x000000009a6a3af8,0x000000009a700000)
 Metaspace       used 54878K, committed 56256K, reserved 1114112K
  class space    used 5874K, committed 6464K, reserved 1048576K
}
Event: 42.021 GC heap before
{Heap before GC invocations=448 (full 2):
 PSYoungGen      total 6144K, used 5782K [0x00000000d5580000, 0x00000000d5d00000, 0x0000000100000000)
  eden space 5120K, 100% used [0x00000000d5580000,0x00000000d5a80000,0x00000000d5a80000)
  from space 1024K, 64% used [0x00000000d5b80000,0x00000000d5c25ac8,0x00000000d5c80000)
  to   space 512K, 0% used [0x00000000d5c80000,0x00000000d5c80000,0x00000000d5d00000)
 ParOldGen       total 433152K, used 432782K [0x0000000080000000, 0x000000009a700000, 0x00000000d5580000)
  object space 433152K, 99% used [0x0000000080000000,0x000000009a6a3af8,0x000000009a700000)
 Metaspace       used 54878K, committed 56256K, reserved 1114112K
  class space    used 5874K, committed 6464K, reserved 1048576K
}
Event: 42.024 GC heap after
{Heap after GC invocations=448 (full 2):
 PSYoungGen      total 5632K, used 512K [0x00000000d5580000, 0x00000000d5d80000, 0x0000000100000000)
  eden space 5120K, 0% used [0x00000000d5580000,0x00000000d5580000,0x00000000d5a80000)
  from space 512K, 100% used [0x00000000d5c80000,0x00000000d5d00000,0x00000000d5d00000)
  to   space 1536K, 0% used [0x00000000d5a80000,0x00000000d5a80000,0x00000000d5c00000)
 ParOldGen       total 433664K, used 433469K [0x0000000080000000, 0x000000009a780000, 0x00000000d5580000)
  object space 433664K, 99% used [0x0000000080000000,0x000000009a74f5c0,0x000000009a780000)
 Metaspace       used 54878K, committed 56256K, reserved 1114112K
  class space    used 5874K, committed 6464K, reserved 1048576K
}
Event: 42.075 GC heap before
{Heap before GC invocations=449 (full 2):
 PSYoungGen      total 5632K, used 5632K [0x00000000d5580000, 0x00000000d5d80000, 0x0000000100000000)
  eden space 5120K, 100% used [0x00000000d5580000,0x00000000d5a80000,0x00000000d5a80000)
  from space 512K, 100% used [0x00000000d5c80000,0x00000000d5d00000,0x00000000d5d00000)
  to   space 1536K, 0% used [0x00000000d5a80000,0x00000000d5a80000,0x00000000d5c00000)
 ParOldGen       total 433664K, used 433469K [0x0000000080000000, 0x000000009a780000, 0x00000000d5580000)
  object space 433664K, 99% used [0x0000000080000000,0x000000009a74f5c0,0x000000009a780000)
 Metaspace       used 54878K, committed 56256K, reserved 1114112K
  class space    used 5874K, committed 6464K, reserved 1048576K
}
Event: 42.078 GC heap after
{Heap after GC invocations=449 (full 2):
 PSYoungGen      total 6656K, used 758K [0x00000000d5580000, 0x00000000d5d00000, 0x0000000100000000)
  eden space 5120K, 0% used [0x00000000d5580000,0x00000000d5580000,0x00000000d5a80000)
  from space 1536K, 49% used [0x00000000d5a80000,0x00000000d5b3d808,0x00000000d5c00000)
  to   space 1024K, 0% used [0x00000000d5c00000,0x00000000d5c00000,0x00000000d5d00000)
 ParOldGen       total 434176K, used 433933K [0x0000000080000000, 0x000000009a800000, 0x00000000d5580000)
  object space 434176K, 99% used [0x0000000080000000,0x000000009a7c35c0,0x000000009a800000)
 Metaspace       used 54878K, committed 56256K, reserved 1114112K
  class space    used 5874K, committed 6464K, reserved 1048576K
}
Event: 42.117 GC heap before
{Heap before GC invocations=450 (full 2):
 PSYoungGen      total 6656K, used 5878K [0x00000000d5580000, 0x00000000d5d00000, 0x0000000100000000)
  eden space 5120K, 100% used [0x00000000d5580000,0x00000000d5a80000,0x00000000d5a80000)
  from space 1536K, 49% used [0x00000000d5a80000,0x00000000d5b3d808,0x00000000d5c00000)
  to   space 1024K, 0% used [0x00000000d5c00000,0x00000000d5c00000,0x00000000d5d00000)
 ParOldGen       total 434176K, used 433933K [0x0000000080000000, 0x000000009a800000, 0x00000000d5580000)
  object space 434176K, 99% used [0x0000000080000000,0x000000009a7c35c0,0x000000009a800000)
 Metaspace       used 54878K, committed 56256K, reserved 1114112K
  class space    used 5874K, committed 6464K, reserved 1048576K
}
Event: 42.121 GC heap after
{Heap after GC invocations=450 (full 2):
 PSYoungGen      total 6144K, used 672K [0x00000000d5580000, 0x00000000d5d00000, 0x0000000100000000)
  eden space 5120K, 0% used [0x00000000d5580000,0x00000000d5580000,0x00000000d5a80000)
  from space 1024K, 65% used [0x00000000d5c00000,0x00000000d5ca8000,0x00000000d5d00000)
  to   space 1024K, 0% used [0x00000000d5b00000,0x00000000d5b00000,0x00000000d5c00000)
 ParOldGen       total 434688K, used 434595K [0x0000000080000000, 0x000000009a880000, 0x00000000d5580000)
  object space 434688K, 99% used [0x0000000080000000,0x000000009a868dc8,0x000000009a880000)
 Metaspace       used 54878K, committed 56256K, reserved 1114112K
  class space    used 5874K, committed 6464K, reserved 1048576K
}
Event: 42.163 GC heap before
{Heap before GC invocations=451 (full 2):
 PSYoungGen      total 6144K, used 5792K [0x00000000d5580000, 0x00000000d5d00000, 0x0000000100000000)
  eden space 5120K, 100% used [0x00000000d5580000,0x00000000d5a80000,0x00000000d5a80000)
  from space 1024K, 65% used [0x00000000d5c00000,0x00000000d5ca8000,0x00000000d5d00000)
  to   space 1024K, 0% used [0x00000000d5b00000,0x00000000d5b00000,0x00000000d5c00000)
 ParOldGen       total 434688K, used 434595K [0x0000000080000000, 0x000000009a880000, 0x00000000d5580000)
  object space 434688K, 99% used [0x0000000080000000,0x000000009a868dc8,0x000000009a880000)
 Metaspace       used 54878K, committed 56256K, reserved 1114112K
  class space    used 5874K, committed 6464K, reserved 1048576K
}
Event: 42.165 GC heap after
{Heap after GC invocations=451 (full 2):
 PSYoungGen      total 6144K, used 672K [0x00000000d5580000, 0x00000000d5c80000, 0x0000000100000000)
  eden space 5120K, 0% used [0x00000000d5580000,0x00000000d5580000,0x00000000d5a80000)
  from space 1024K, 65% used [0x00000000d5b00000,0x00000000d5ba8000,0x00000000d5c00000)
  to   space 512K, 0% used [0x00000000d5c00000,0x00000000d5c00000,0x00000000d5c80000)
 ParOldGen       total 435200K, used 435139K [0x0000000080000000, 0x000000009a900000, 0x00000000d5580000)
  object space 435200K, 99% used [0x0000000080000000,0x000000009a8f0dc8,0x000000009a900000)
 Metaspace       used 54878K, committed 56256K, reserved 1114112K
  class space    used 5874K, committed 6464K, reserved 1048576K
}
Event: 42.215 GC heap before
{Heap before GC invocations=452 (full 2):
 PSYoungGen      total 6144K, used 5792K [0x00000000d5580000, 0x00000000d5c80000, 0x0000000100000000)
  eden space 5120K, 100% used [0x00000000d5580000,0x00000000d5a80000,0x00000000d5a80000)
  from space 1024K, 65% used [0x00000000d5b00000,0x00000000d5ba8000,0x00000000d5c00000)
  to   space 512K, 0% used [0x00000000d5c00000,0x00000000d5c00000,0x00000000d5c80000)
 ParOldGen       total 435200K, used 435139K [0x0000000080000000, 0x000000009a900000, 0x00000000d5580000)
  object space 435200K, 99% used [0x0000000080000000,0x000000009a8f0dc8,0x000000009a900000)
 Metaspace       used 54878K, committed 56256K, reserved 1114112K
  class space    used 5874K, committed 6464K, reserved 1048576K
}
Event: 42.242 GC heap after
{Heap after GC invocations=452 (full 2):
 PSYoungGen      total 5632K, used 492K [0x00000000d5580000, 0x00000000d5d80000, 0x0000000100000000)
  eden space 5120K, 0% used [0x00000000d5580000,0x00000000d5580000,0x00000000d5a80000)
  from space 512K, 96% used [0x00000000d5c00000,0x00000000d5c7b008,0x00000000d5c80000)
  to   space 1536K, 0% used [0x00000000d5a80000,0x00000000d5a80000,0x00000000d5c00000)
 ParOldGen       total 436224K, used 435771K [0x0000000080000000, 0x000000009aa00000, 0x00000000d5580000)
  object space 436224K, 99% used [0x0000000080000000,0x000000009a98edc8,0x000000009aa00000)
 Metaspace       used 54878K, committed 56256K, reserved 1114112K
  class space    used 5874K, committed 6464K, reserved 1048576K
}

