# JRE version: OpenJDK Runtime Environment Temurin-21.0.9+10 (21.0.9+10) (build 21.0.9+10-LTS)
# Java VM: OpenJDK 64-Bit Server VM Temurin-21.0.9+10 (21.0.9+10-LTS, mixed mode, sharing, tiered, compressed oops, compressed class ptrs, parallel gc, windows-amd64)
GC Precious Log:
 CardTable entry size: 512
 CPUs: 8 total, 8 available
 Memory: 7937M
 Large Page Support: Disabled
 NUMA Support: Disabled
 Compressed Oops: Enabled (32-bit)
 Alignments: Space 512K, Generation 512K, Heap 2M
 Heap Min Capacity: 100M
 Heap Initial Capacity: 100M
 Heap Max Capacity: 2G
 Pre-touch: Disabled
 Parallel Workers: 8
Heap:
 PSYoungGen      total 2048K, used 1919K [0x00000000d5580000, 0x00000000d5880000, 0x0000000100000000)
  eden space 1024K, 99% used [0x00000000d5580000,0x00000000d567ffc8,0x00000000d5680000)
  from space 1024K, 87% used [0x00000000d5780000,0x00000000d5860000,0x00000000d5880000)
  to   space 1024K, 0% used [0x00000000d5680000,0x00000000d5680000,0x00000000d5780000)
 ParOldGen       total 548352K, used 548335K [0x0000000080000000, 0x00000000a1780000, 0x00000000d5580000)
  object space 548352K, 99% used [0x0000000080000000,0x00000000a177bc90,0x00000000a1780000)
 Metaspace       used 59880K, committed 61312K, reserved 1114112K
  class space    used 6487K, committed 7040K, reserved 1048576K
GC Heap History (20 events):
Event: 110.340 GC heap before
{Heap before GC invocations=1296 (full 3):
 PSYoungGen      total 2560K, used 2183K [0x00000000d5580000, 0x00000000d5980000, 0x0000000100000000)
  eden space 1024K, 99% used [0x00000000d5580000,0x00000000d567ffb0,0x00000000d5680000)
  from space 1536K, 75% used [0x00000000d5800000,0x00000000d5921fa0,0x00000000d5980000)
  to   space 1536K, 0% used [0x00000000d5680000,0x00000000d5680000,0x00000000d5800000)
 ParOldGen       total 538624K, used 538215K [0x0000000080000000, 0x00000000a0e00000, 0x00000000d5580000)
  object space 538624K, 99% used [0x0000000080000000,0x00000000a0d99ca0,0x00000000a0e00000)
 Metaspace       used 59880K, committed 61312K, reserved 1114112K
  class space    used 6487K, committed 7040K, reserved 1048576K
}
Event: 110.346 GC heap after
{Heap after GC invocations=1296 (full 3):
 PSYoungGen      total 2560K, used 1107K [0x00000000d5580000, 0x00000000d5980000, 0x0000000100000000)
  eden space 1024K, 0% used [0x00000000d5580000,0x00000000d5580000,0x00000000d5680000)
  from space 1536K, 72% used [0x00000000d5680000,0x00000000d5794fd0,0x00000000d5800000)
  to   space 1536K, 0% used [0x00000000d5800000,0x00000000d5800000,0x00000000d5980000)
 ParOldGen       total 539648K, used 539271K [0x0000000080000000, 0x00000000a0f00000, 0x00000000d5580000)
  object space 539648K, 99% used [0x0000000080000000,0x00000000a0ea1c08,0x00000000a0f00000)
 Metaspace       used 59880K, committed 61312K, reserved 1114112K
  class space    used 6487K, committed 7040K, reserved 1048576K
}
Event: 110.401 GC heap before
{Heap before GC invocations=1297 (full 3):
 PSYoungGen      total 2560K, used 2131K [0x00000000d5580000, 0x00000000d5980000, 0x0000000100000000)
  eden space 1024K, 100% used [0x00000000d5580000,0x00000000d5680000,0x00000000d5680000)
  from space 1536K, 72% used [0x00000000d5680000,0x00000000d5794fd0,0x00000000d5800000)
  to   space 1536K, 0% used [0x00000000d5800000,0x00000000d5800000,0x00000000d5980000)
 ParOldGen       total 539648K, used 539271K [0x0000000080000000, 0x00000000a0f00000, 0x00000000d5580000)
  object space 539648K, 99% used [0x0000000080000000,0x00000000a0ea1c08,0x00000000a0f00000)
 Metaspace       used 59880K, committed 61312K, reserved 1114112K
  class space    used 6487K, committed 7040K, reserved 1048576K
}
Event: 110.408 GC heap after
{Heap after GC invocations=1297 (full 3):
 PSYoungGen      total 2560K, used 1103K [0x00000000d5580000, 0x00000000d5980000, 0x0000000100000000)
  eden space 1024K, 0% used [0x00000000d5580000,0x00000000d5580000,0x00000000d5680000)
  from space 1536K, 71% used [0x00000000d5800000,0x00000000d5913f40,0x00000000d5980000)
  to   space 1536K, 0% used [0x00000000d5680000,0x00000000d5680000,0x00000000d5800000)
 ParOldGen       total 540672K, used 540318K [0x0000000080000000, 0x00000000a1000000, 0x00000000d5580000)
  object space 540672K, 99% used [0x0000000080000000,0x00000000a0fa7bc0,0x00000000a1000000)
 Metaspace       used 59880K, committed 61312K, reserved 1114112K
  class space    used 6487K, committed 7040K, reserved 1048576K
}
Event: 110.448 GC heap before
{Heap before GC invocations=1298 (full 3):
 PSYoungGen      total 2560K, used 2127K [0x00000000d5580000, 0x00000000d5980000, 0x0000000100000000)
  eden space 1024K, 99% used [0x00000000d5580000,0x00000000d567ffe0,0x00000000d5680000)
  from space 1536K, 71% used [0x00000000d5800000,0x00000000d5913f40,0x00000000d5980000)
  to   space 1536K, 0% used [0x00000000d5680000,0x00000000d5680000,0x00000000d5800000)
 ParOldGen       total 540672K, used 540318K [0x0000000080000000, 0x00000000a1000000, 0x00000000d5580000)
  object space 540672K, 99% used [0x0000000080000000,0x00000000a0fa7bc0,0x00000000a1000000)
 Metaspace       used 59880K, committed 61312K, reserved 1114112K
  class space    used 6487K, committed 7040K, reserved 1048576K
}
Event: 110.454 GC heap after
{Heap after GC invocations=1298 (full 3):
 PSYoungGen      total 2560K, used 1139K [0x00000000d5580000, 0x00000000d5980000, 0x0000000100000000)
  eden space 1024K, 0% used [0x00000000d5580000,0x00000000d5580000,0x00000000d5680000)
  from space 1536K, 74% used [0x00000000d5680000,0x00000000d579cdb0,0x00000000d5800000)
  to   space 1536K, 0% used [0x00000000d5800000,0x00000000d5800000,0x00000000d5980000)
 ParOldGen       total 541696K, used 541366K [0x0000000080000000, 0x00000000a1100000, 0x00000000d5580000)
  object space 541696K, 99% used [0x0000000080000000,0x00000000a10adaf0,0x00000000a1100000)
 Metaspace       used 59880K, committed 61312K, reserved 1114112K
  class space    used 6487K, committed 7040K, reserved 1048576K
}
Event: 110.521 GC heap before
{Heap before GC invocations=1299 (full 3):
 PSYoungGen      total 2560K, used 2163K [0x00000000d5580000, 0x00000000d5980000, 0x0000000100000000)
  eden space 1024K, 100% used [0x00000000d5580000,0x00000000d5680000,0x00000000d5680000)
  from space 1536K, 74% used [0x00000000d5680000,0x00000000d579cdb0,0x00000000d5800000)
  to   space 1536K, 0% used [0x00000000d5800000,0x00000000d5800000,0x00000000d5980000)
 ParOldGen       total 543744K, used 542878K [0x0000000080000000, 0x00000000a1300000, 0x00000000d5580000)
  object space 543744K, 99% used [0x0000000080000000,0x00000000a1227af0,0x00000000a1300000)
 Metaspace       used 59880K, committed 61312K, reserved 1114112K
  class space    used 6487K, committed 7040K, reserved 1048576K
}
Event: 110.526 GC heap after
{Heap after GC invocations=1299 (full 3):
 PSYoungGen      total 2560K, used 1115K [0x00000000d5580000, 0x00000000d5980000, 0x0000000100000000)
  eden space 1024K, 0% used [0x00000000d5580000,0x00000000d5580000,0x00000000d5680000)
  from space 1536K, 72% used [0x00000000d5800000,0x00000000d5916f70,0x00000000d5980000)
  to   space 1536K, 0% used [0x00000000d5680000,0x00000000d5680000,0x00000000d5800000)
 ParOldGen       total 544256K, used 543919K [0x0000000080000000, 0x00000000a1380000, 0x00000000d5580000)
  object space 544256K, 99% used [0x0000000080000000,0x00000000a132bd98,0x00000000a1380000)
 Metaspace       used 59880K, committed 61312K, reserved 1114112K
  class space    used 6487K, committed 7040K, reserved 1048576K
}
Event: 110.679 GC heap before
{Heap before GC invocations=1300 (full 3):
 PSYoungGen      total 2560K, used 2139K [0x00000000d5580000, 0x00000000d5980000, 0x0000000100000000)
  eden space 1024K, 100% used [0x00000000d5580000,0x00000000d5680000,0x00000000d5680000)
  from space 1536K, 72% used [0x00000000d5800000,0x00000000d5916f70,0x00000000d5980000)
  to   space 1536K, 0% used [0x00000000d5680000,0x00000000d5680000,0x00000000d5800000)
 ParOldGen       total 544256K, used 543919K [0x0000000080000000, 0x00000000a1380000, 0x00000000d5580000)
  object space 544256K, 99% used [0x0000000080000000,0x00000000a132bd98,0x00000000a1380000)
 Metaspace       used 59880K, committed 61312K, reserved 1114112K
  class space    used 6487K, committed 7040K, reserved 1048576K
}
Event: 110.686 GC heap after
{Heap after GC invocations=1300 (full 3):
 PSYoungGen      total 2048K, used 960K [0x00000000d5580000, 0x00000000d5880000, 0x0000000100000000)
  eden space 1024K, 0% used [0x00000000d5580000,0x00000000d5580000,0x00000000d5680000)
  from space 1024K, 93% used [0x00000000d5680000,0x00000000d5770000,0x00000000d5780000)
  to   space 1024K, 0% used [0x00000000d5780000,0x00000000d5780000,0x00000000d5880000)
 ParOldGen       total 545280K, used 544919K [0x0000000080000000, 0x00000000a1480000, 0x00000000d5580000)
  object space 545280K, 99% used [0x0000000080000000,0x00000000a1425c90,0x00000000a1480000)
 Metaspace       used 59880K, committed 61312K, reserved 1114112K
  class space    used 6487K, committed 7040K, reserved 1048576K
}
Event: 110.716 GC heap before
{Heap before GC invocations=1301 (full 3):
 PSYoungGen      total 2048K, used 1898K [0x00000000d5580000, 0x00000000d5880000, 0x0000000100000000)
  eden space 1024K, 91% used [0x00000000d5580000,0x00000000d566abf0,0x00000000d5680000)
  from space 1024K, 93% used [0x00000000d5680000,0x00000000d5770000,0x00000000d5780000)
  to   space 1024K, 0% used [0x00000000d5780000,0x00000000d5780000,0x00000000d5880000)
 ParOldGen       total 545280K, used 544919K [0x0000000080000000, 0x00000000a1480000, 0x00000000d5580000)
  object space 545280K, 99% used [0x0000000080000000,0x00000000a1425c90,0x00000000a1480000)
 Metaspace       used 59880K, committed 61312K, reserved 1114112K
  class space    used 6487K, committed 7040K, reserved 1048576K
}
Event: 110.721 GC heap after
{Heap after GC invocations=1301 (full 3):
 PSYoungGen      total 2048K, used 672K [0x00000000d5580000, 0x00000000d5880000, 0x0000000100000000)
  eden space 1024K, 0% used [0x00000000d5580000,0x00000000d5580000,0x00000000d5680000)
  from space 1024K, 65% used [0x00000000d5780000,0x00000000d5828000,0x00000000d5880000)
  to   space 1024K, 0% used [0x00000000d5680000,0x00000000d5680000,0x00000000d5780000)
 ParOldGen       total 545792K, used 545783K [0x0000000080000000, 0x00000000a1500000, 0x00000000d5580000)
  object space 545792K, 99% used [0x0000000080000000,0x00000000a14fdc90,0x00000000a1500000)
 Metaspace       used 59880K, committed 61312K, reserved 1114112K
  class space    used 6487K, committed 7040K, reserved 1048576K
}
Event: 110.761 GC heap before
{Heap before GC invocations=1302 (full 3):
 PSYoungGen      total 2048K, used 1695K [0x00000000d5580000, 0x00000000d5880000, 0x0000000100000000)
  eden space 1024K, 99% used [0x00000000d5580000,0x00000000d567fe78,0x00000000d5680000)
  from space 1024K, 65% used [0x00000000d5780000,0x00000000d5828000,0x00000000d5880000)
  to   space 1024K, 0% used [0x00000000d5680000,0x00000000d5680000,0x00000000d5780000)
 ParOldGen       total 545792K, used 545783K [0x0000000080000000, 0x00000000a1500000, 0x00000000d5580000)
  object space 545792K, 99% used [0x0000000080000000,0x00000000a14fdc90,0x00000000a1500000)
 Metaspace       used 59880K, committed 61312K, reserved 1114112K
  class space    used 6487K, committed 7040K, reserved 1048576K
}
Event: 110.765 GC heap after
{Heap after GC invocations=1302 (full 3):
 PSYoungGen      total 2048K, used 704K [0x00000000d5580000, 0x00000000d5880000, 0x0000000100000000)
  eden space 1024K, 0% used [0x00000000d5580000,0x00000000d5580000,0x00000000d5680000)
  from space 1024K, 68% used [0x00000000d5680000,0x00000000d5730000,0x00000000d5780000)
  to   space 1024K, 0% used [0x00000000d5780000,0x00000000d5780000,0x00000000d5880000)
 ParOldGen       total 546816K, used 546399K [0x0000000080000000, 0x00000000a1600000, 0x00000000d5580000)
  object space 546816K, 99% used [0x0000000080000000,0x00000000a1597c90,0x00000000a1600000)
 Metaspace       used 59880K, committed 61312K, reserved 1114112K
  class space    used 6487K, committed 7040K, reserved 1048576K
}
Event: 110.816 GC heap before
{Heap before GC invocations=1303 (full 3):
 PSYoungGen      total 2048K, used 1728K [0x00000000d5580000, 0x00000000d5880000, 0x0000000100000000)
  eden space 1024K, 100% used [0x00000000d5580000,0x00000000d5680000,0x00000000d5680000)
  from space 1024K, 68% used [0x00000000d5680000,0x00000000d5730000,0x00000000d5780000)
  to   space 1024K, 0% used [0x00000000d5780000,0x00000000d5780000,0x00000000d5880000)
 ParOldGen       total 546816K, used 546399K [0x0000000080000000, 0x00000000a1600000, 0x00000000d5580000)
  object space 546816K, 99% used [0x0000000080000000,0x00000000a1597c90,0x00000000a1600000)
 Metaspace       used 59880K, committed 61312K, reserved 1114112K
  class space    used 6487K, committed 7040K, reserved 1048576K
}
Event: 110.821 GC heap after
{Heap after GC invocations=1303 (full 3):
 PSYoungGen      total 2048K, used 608K [0x00000000d5580000, 0x00000000d5880000, 0x0000000100000000)
  eden space 1024K, 0% used [0x00000000d5580000,0x00000000d5580000,0x00000000d5680000)
  from space 1024K, 59% used [0x00000000d5780000,0x00000000d5818000,0x00000000d5880000)
  to   space 1024K, 0% used [0x00000000d5680000,0x00000000d5680000,0x00000000d5780000)
 ParOldGen       total 547328K, used 547039K [0x0000000080000000, 0x00000000a1680000, 0x00000000d5580000)
  object space 547328K, 99% used [0x0000000080000000,0x00000000a1637c90,0x00000000a1680000)
 Metaspace       used 59880K, committed 61312K, reserved 1114112K
  class space    used 6487K, committed 7040K, reserved 1048576K
}
Event: 111.274 GC heap before
{Heap before GC invocations=1304 (full 3):
 PSYoungGen      total 2048K, used 1632K [0x00000000d5580000, 0x00000000d5880000, 0x0000000100000000)
  eden space 1024K, 100% used [0x00000000d5580000,0x00000000d5680000,0x00000000d5680000)
  from space 1024K, 59% used [0x00000000d5780000,0x00000000d5818000,0x00000000d5880000)
  to   space 1024K, 0% used [0x00000000d5680000,0x00000000d5680000,0x00000000d5780000)
 ParOldGen       total 547328K, used 547039K [0x0000000080000000, 0x00000000a1680000, 0x00000000d5580000)
  object space 547328K, 99% used [0x0000000080000000,0x00000000a1637c90,0x00000000a1680000)
 Metaspace       used 59880K, committed 61312K, reserved 1114112K
  class space    used 6487K, committed 7040K, reserved 1048576K
}
Event: 111.279 GC heap after
{Heap after GC invocations=1304 (full 3):
 PSYoungGen      total 2048K, used 864K [0x00000000d5580000, 0x00000000d5880000, 0x0000000100000000)
  eden space 1024K, 0% used [0x00000000d5580000,0x00000000d5580000,0x00000000d5680000)
  from space 1024K, 84% used [0x00000000d5680000,0x00000000d5758000,0x00000000d5780000)
  to   space 1024K, 0% used [0x00000000d5780000,0x00000000d5780000,0x00000000d5880000)
 ParOldGen       total 547840K, used 547599K [0x0000000080000000, 0x00000000a1700000, 0x00000000d5580000)
  object space 547840K, 99% used [0x0000000080000000,0x00000000a16c3c90,0x00000000a1700000)
 Metaspace       used 59880K, committed 61312K, reserved 1114112K
  class space    used 6487K, committed 7040K, reserved 1048576K
}
Event: 111.364 GC heap before
{Heap before GC invocations=1305 (full 3):
 PSYoungGen      total 2048K, used 1888K [0x00000000d5580000, 0x00000000d5880000, 0x0000000100000000)
  eden space 1024K, 100% used [0x00000000d5580000,0x00000000d5680000,0x00000000d5680000)
  from space 1024K, 84% used [0x00000000d5680000,0x00000000d5758000,0x00000000d5780000)
  to   space 1024K, 0% used [0x00000000d5780000,0x00000000d5780000,0x00000000d5880000)
 ParOldGen       total 547840K, used 547599K [0x0000000080000000, 0x00000000a1700000, 0x00000000d5580000)
  object space 547840K, 99% used [0x0000000080000000,0x00000000a16c3c90,0x00000000a1700000)
 Metaspace       used 59880K, committed 61312K, reserved 1114112K
  class space    used 6487K, committed 7040K, reserved 1048576K
}
Event: 111.368 GC heap after
{Heap after GC invocations=1305 (full 3):
 PSYoungGen      total 2048K, used 896K [0x00000000d5580000, 0x00000000d5880000, 0x0000000100000000)
  eden space 1024K, 0% used [0x00000000d5580000,0x00000000d5580000,0x00000000d5680000)
  from space 1024K, 87% used [0x00000000d5780000,0x00000000d5860000,0x00000000d5880000)
  to   space 1024K, 0% used [0x00000000d5680000,0x00000000d5680000,0x00000000d5780000)
 ParOldGen       total 548352K, used 548335K [0x0000000080000000, 0x00000000a1780000, 0x00000000d5580000)
  object space 548352K, 99% used [0x0000000080000000,0x00000000a177bc90,0x00000000a1780000)
 Metaspace       used 59880K, committed 61312K, reserved 1114112K
  class space    used 6487K, committed 7040K, reserved 1048576K
}

