<?xml version="1.0" encoding="UTF-8"?>
<testsuite xmlns:xsi="http://www.w3.org/2001/XMLSchema-instance" xsi:noNamespaceSchemaLocation="https://maven.apache.org/surefire/maven-surefire-plugin/xsd/surefire-test-report.xsd" version="3.0.2" name="com.pbdas.recommendation.RecommendationServiceApplicationTests" time="6.119" tests="1" errors="0" skipped="0" failures="0">
  <properties>
[...]
</properties>
  <testcase name="contextLoads" classname="com.pbdas.recommendation.RecommendationServiceApplicationTests" time="0.799">
    <system-out><![CDATA[20:52:44.145 [main] INFO org.springframework.test.context.support.AnnotationConfigContextLoaderUtils -- Could not detect default configuration classes for test class [com.pbdas.recommendation.RecommendationServiceApplicationTests]: RecommendationServiceApplicationTests does not declare any static, non-private, non-final, nested classes annotated with @Configuration.
20:52:44.268 [main] INFO org.springframework.boot.test.context.SpringBootTestContextBootstrapper -- Found @SpringBootConfiguration com.pbdas.recommendation.RecommendationApplication for test class com.pbdas.recommendation.RecommendationServiceApplicationTests

  .   ____          _            __ _ _
 /\\ / ___'_ __ _ _(_)_ __  __ _ \ \ \ \
( ( )\___ | '_ | '_| | '_ \/ _` | \ \ \ \
 \\/  ___)| |_)| | | | | || (_| |  ) ) ) )
  '  |____| .__|_| |_|_| |_\__, | / / / /
 =========|_|==============|___/=/_/_/_/

 :: Spring Boot ::               (v3.4.12)

2025-12-23T20:52:45.142+01:00  INFO 13072 --- [recommendation-service] [           main] .r.RecommendationServiceApplicationTests : Starting RecommendationServiceApplicationTests using Java 17.0.12 with PID 13072 (started by loula in C:\Users\loula\eclipse-newworkspace\PBADS-PFA\pbads-microservices\core-services\recommendation-service)
2025-12-23T20:52:45.144+01:00  INFO 13072 --- [recommendation-service] [           main] .r.RecommendationServiceApplicationTests : No active profile set, falling back to 1 default profile: "default"
2025-12-23T20:52:46.573+01:00  INFO 13072 --- [recommendation-service] [           main] o.s.cloud.context.scope.GenericScope     : BeanFactory id=431af7d6-8863-3cd7-ba21-76eaea3d3484
2025-12-23T20:52:46.737+01:00  INFO 13072 --- [recommendation-service] [           main] c.pbdas.recommendation.config.EnvConfig  : Found .env file at: C:\Users\loula\eclipse-newworkspace\PBADS-PFA\pbads-microservices\.env
2025-12-23T20:52:46.739+01:00  INFO 13072 --- [recommendation-service] [           main] c.pbdas.recommendation.config.EnvConfig  : ? Loaded GEMINI_API_KEY from .env file: C:\Users\loula\eclipse-newworkspace\PBADS-PFA\pbads-microservices\.env
2025-12-23T20:52:48.485+01:00  INFO 13072 --- [recommendation-service] [           main] DiscoveryClientOptionalArgsConfiguration : Eureka HTTP Client uses RestTemplate.
2025-12-23T20:52:48.544+01:00  WARN 13072 --- [recommendation-service] [           main] iguration$LoadBalancerCaffeineWarnLogger : Spring Cloud LoadBalancer is currently working with the default cache. While this cache implementation is useful for development and tests, it's recommended to use Caffeine cache in production.You can switch to using Caffeine cache, by adding it and org.springframework.cache.caffeine.CaffeineCacheManager to the classpath.
2025-12-23T20:52:48.551+01:00  INFO 13072 --- [recommendation-service] [           main] o.s.b.a.e.web.EndpointLinksResolver      : Exposing 3 endpoints beneath base path '/actuator'
2025-12-23T20:52:48.628+01:00  INFO 13072 --- [recommendation-service] [           main] o.s.c.n.eureka.InstanceInfoFactory       : Setting initial instance status as: STARTING
2025-12-23T20:52:48.661+01:00  INFO 13072 --- [recommendation-service] [           main] com.netflix.discovery.DiscoveryClient    : Initializing Eureka in region us-east-1
2025-12-23T20:52:48.666+01:00  INFO 13072 --- [recommendation-service] [           main] c.n.d.s.r.aws.ConfigClusterResolver      : Resolving eureka endpoints via configuration
2025-12-23T20:52:48.677+01:00  INFO 13072 --- [recommendation-service] [           main] com.netflix.discovery.DiscoveryClient    : Disable delta property : false
2025-12-23T20:52:48.678+01:00  INFO 13072 --- [recommendation-service] [           main] com.netflix.discovery.DiscoveryClient    : Single vip registry refresh property : null
2025-12-23T20:52:48.678+01:00  INFO 13072 --- [recommendation-service] [           main] com.netflix.discovery.DiscoveryClient    : Force full registry fetch : false
2025-12-23T20:52:48.678+01:00  INFO 13072 --- [recommendation-service] [           main] com.netflix.discovery.DiscoveryClient    : Application is null : false
2025-12-23T20:52:48.678+01:00  INFO 13072 --- [recommendation-service] [           main] com.netflix.discovery.DiscoveryClient    : Registered Applications size is zero : true
2025-12-23T20:52:48.678+01:00  INFO 13072 --- [recommendation-service] [           main] com.netflix.discovery.DiscoveryClient    : Application version is -1: true
2025-12-23T20:52:48.678+01:00  INFO 13072 --- [recommendation-service] [           main] com.netflix.discovery.DiscoveryClient    : Getting all instance registry info from the eureka server
2025-12-23T20:52:49.184+01:00  INFO 13072 --- [recommendation-service] [           main] com.netflix.discovery.DiscoveryClient    : The response status is 200
2025-12-23T20:52:49.186+01:00  INFO 13072 --- [recommendation-service] [           main] com.netflix.discovery.DiscoveryClient    : Starting heartbeat executor: renew interval is: 30
2025-12-23T20:52:49.188+01:00  INFO 13072 --- [recommendation-service] [           main] c.n.discovery.InstanceInfoReplicator     : InstanceInfoReplicator onDemand update allowed rate per min is 4
2025-12-23T20:52:49.191+01:00  INFO 13072 --- [recommendation-service] [           main] com.netflix.discovery.DiscoveryClient    : Discovery Client initialized at timestamp 1766519569189 with initial instances count: 11
2025-12-23T20:52:49.194+01:00  INFO 13072 --- [recommendation-service] [           main] o.s.c.n.e.s.EurekaServiceRegistry        : Registering application RECOMMENDATION-SERVICE with eureka with status UP
2025-12-23T20:52:49.194+01:00  INFO 13072 --- [recommendation-service] [           main] com.netflix.discovery.DiscoveryClient    : Saw local status change event StatusChangeEvent [timestamp=1766519569194, current=UP, previous=STARTING]
2025-12-23T20:52:49.197+01:00  INFO 13072 --- [recommendation-service] [foReplicator-%d] com.netflix.discovery.DiscoveryClient    : DiscoveryClient_RECOMMENDATION-SERVICE/LouH:recommendation-service:8087: registering service...
2025-12-23T20:52:49.216+01:00  INFO 13072 --- [recommendation-service] [           main] .r.RecommendationServiceApplicationTests : Started RecommendationServiceApplicationTests in 4.551 seconds (process running for 5.826)
2025-12-23T20:52:49.251+01:00  INFO 13072 --- [recommendation-service] [foReplicator-%d] com.netflix.discovery.DiscoveryClient    : DiscoveryClient_RECOMMENDATION-SERVICE/LouH:recommendation-service:8087 - registration status: 204
]]></system-out>
  </testcase>
</testsuite>